2025-05-23 00:09:29,275 - job_scraper - INFO - Setting up Chrome driver
2025-05-23 00:09:31,741 - job_scraper - INFO - Chrome driver setup successful
2025-05-23 00:09:31,741 - job_scraper - INFO - Starting job search for: Data Engineer in New York
2025-05-23 00:11:02,504 - job_scraper - INFO - Chrome driver closed
2025-05-23 15:47:56,154 - job_scraper - INFO - Setting up Chrome driver
2025-05-23 15:47:59,163 - job_scraper - INFO - Chrome driver setup successful
2025-05-23 15:47:59,163 - job_scraper - INFO - Starting job search for: Data Analyst in New York
2025-05-23 15:49:30,380 - job_scraper - INFO - Chrome driver closed
2025-05-23 16:01:22,867 - job_scraper - INFO - Setting up Chrome driver
2025-05-23 16:01:25,272 - job_scraper - INFO - Chrome driver setup successful
2025-05-23 16:01:25,273 - job_scraper - INFO - Starting job search for: Data Analyst in New York
2025-05-23 16:02:03,964 - job_scraper - INFO - Chrome driver closed
2025-05-23 16:02:15,649 - job_scraper - INFO - Setting up Chrome driver
2025-05-23 16:02:18,061 - job_scraper - INFO - Chrome driver setup successful
2025-05-23 16:02:18,061 - job_scraper - INFO - Starting job search for: Solutions Architect in Arlington
2025-05-23 16:02:40,801 - job_scraper - INFO - Chrome driver closed
2025-05-23 16:06:14,883 - job_scraper - INFO - Setting up Chrome driver
2025-05-23 16:06:17,291 - job_scraper - INFO - Chrome driver setup successful
2025-05-23 16:06:17,291 - job_scraper - INFO - Starting job search for: Solutions Architect in Arlington
2025-05-23 16:07:05,022 - job_scraper - INFO - Chrome driver closed
2025-05-23 17:24:16,221 - job_scraper - INFO - Setting up Chrome driver
2025-05-23 17:24:20,039 - job_scraper - INFO - Chrome driver setup successful
2025-05-23 17:24:20,039 - job_scraper - INFO - Starting job search for: Data Engineer in Washington, DC
2025-05-23 17:24:42,174 - job_scraper - INFO - Chrome driver closed
