2025-05-22 16:22:30,490 - job_scraper - INFO - Setting up Chrome driver
2025-05-22 16:22:33,448 - job_scraper - INFO - Chrome driver setup successful
2025-05-22 16:22:33,448 - job_scraper - INFO - Starting job search for: Data Analyst in Washington, DC
2025-05-22 16:24:06,722 - job_scraper - INFO - Chrome driver closed
2025-05-22 16:24:23,665 - job_scraper - INFO - Setting up Chrome driver
2025-05-22 16:24:26,141 - job_scraper - INFO - Chrome driver setup successful
2025-05-22 16:24:26,142 - job_scraper - INFO - Starting job search for: Solutions Architect in Washington, DC
2025-05-22 16:25:56,970 - job_scraper - INFO - Chrome driver closed
2025-05-22 16:40:31,929 - job_scraper - INFO - Setting up Chrome driver
2025-05-22 16:40:34,328 - job_scraper - INFO - Chrome driver setup successful
2025-05-22 16:40:34,329 - job_scraper - INFO - Starting job search for: Business Analyst in New York
2025-05-22 16:42:07,254 - job_scraper - INFO - Chrome driver closed
2025-05-22 16:46:00,524 - job_scraper - INFO - Setting up Chrome driver
2025-05-22 16:46:02,952 - job_scraper - INFO - Chrome driver setup successful
2025-05-22 16:46:02,952 - job_scraper - INFO - Starting job search for: Data Engineer in Washington, DC
2025-05-22 16:47:32,686 - job_scraper - INFO - Chrome driver closed
2025-05-22 17:36:46,869 - job_scraper - INFO - Setting up Chrome driver
2025-05-22 17:36:49,407 - job_scraper - INFO - Chrome driver setup successful
2025-05-22 17:36:49,407 - job_scraper - INFO - Starting job search for: Data Scientist in Arlington
2025-05-22 17:38:35,709 - job_scraper - INFO - Chrome driver closed
2025-05-22 21:06:29,434 - job_scraper - INFO - Setting up Chrome driver
2025-05-22 21:06:33,090 - job_scraper - INFO - Chrome driver setup successful
2025-05-22 21:06:33,090 - job_scraper - INFO - Starting job search for: Machine Learning Engineer in Washington, DC
2025-05-22 21:08:03,047 - job_scraper - INFO - Chrome driver closed
2025-05-22 22:20:59,392 - job_scraper - INFO - Setting up Chrome driver
2025-05-22 22:21:02,285 - job_scraper - INFO - Chrome driver setup successful
2025-05-22 22:21:02,285 - job_scraper - INFO - Starting job search for: Data Scientist in New York
2025-05-22 22:22:33,977 - job_scraper - INFO - Chrome driver closed
2025-05-22 22:34:36,773 - job_scraper - INFO - Setting up Chrome driver
2025-05-22 22:34:39,245 - job_scraper - INFO - Chrome driver setup successful
2025-05-22 22:34:39,246 - job_scraper - INFO - Starting job search for: Data Scientist in New York
2025-05-22 22:36:08,323 - job_scraper - INFO - Chrome driver closed
2025-05-22 23:45:24,841 - job_scraper - INFO - Setting up Chrome driver
2025-05-22 23:45:28,441 - job_scraper - INFO - Chrome driver setup successful
2025-05-22 23:45:28,441 - job_scraper - INFO - Starting job search for: Solutions Architect in Arlington
2025-05-22 23:46:57,214 - job_scraper - INFO - Chrome driver closed
2025-05-23 00:02:20,081 - job_scraper - INFO - Setting up Chrome driver
2025-05-23 00:02:22,524 - job_scraper - INFO - Chrome driver setup successful
2025-05-23 00:02:22,524 - job_scraper - INFO - Starting job search for: Data Engineer in New York
2025-05-23 00:03:55,170 - job_scraper - INFO - Chrome driver closed
